# JRE version: Java(TM) SE Runtime Environment (21.0.2+13) (build 21.0.2+13-LTS-58)
# Java VM: Java HotSpot(TM) 64-Bit Server VM (21.0.2+13-LTS-58, mixed mode, sharing, tiered, compressed oops, compressed class ptrs, g1 gc, windows-amd64)
GC Precious Log:
 CardTable entry size: 512
 Card Set container configuration: InlinePtr #cards 5 size 8 Array Of Cards #cards 12 size 40 Howl #buckets 4 coarsen threshold 1843 Howl Bitmap #cards 512 size 80 coarsen threshold 460 Card regions per heap region 1 cards per card region 2048
 CPUs: 8 total, 8 available
 Memory: 16244M
 Large Page Support: Disabled
 NUMA Support: Disabled
 Compressed Oops: Enabled (32-bit)
 Heap Region Size: 1M
 Heap Min Capacity: 256M
 Heap Initial Capacity: 256M
 Heap Max Capacity: 512M
 Pre-touch: Disabled
 Parallel Workers: 8
 Concurrent Workers: 2
 Concurrent Refinement Workers: 8
 Periodic GC: Disabled
Heap:
 garbage-first heap   total 262144K, used 156963K [0x00000000e0000000, 0x0000000100000000)
  region size 1024K, 103 young (105472K), 3 survivors (3072K)
 Metaspace       used 67489K, committed 69568K, reserved 393216K
  class space    used 9580K, committed 10624K, reserved 327680K
GC Heap History (20 events):
Event: 0.712 GC heap before
{Heap before GC invocations=0 (full 0):
 garbage-first heap   total 262144K, used 27648K [0x00000000e0000000, 0x0000000100000000)
  region size 1024K, 23 young (23552K), 0 survivors (0K)
 Metaspace       used 2441K, committed 2624K, reserved 393216K
  class space    used 279K, committed 384K, reserved 327680K
}
Event: 0.717 GC heap after
{Heap after GC invocations=1 (full 0):
 garbage-first heap   total 262144K, used 10826K [0x00000000e0000000, 0x0000000100000000)
  region size 1024K, 3 young (3072K), 3 survivors (3072K)
 Metaspace       used 2441K, committed 2624K, reserved 393216K
  class space    used 279K, committed 384K, reserved 327680K
}
Event: 1.047 GC heap before
{Heap before GC invocations=1 (full 0):
 garbage-first heap   total 262144K, used 38474K [0x00000000e0000000, 0x0000000100000000)
  region size 1024K, 31 young (31744K), 3 survivors (3072K)
 Metaspace       used 4168K, committed 4416K, reserved 393216K
  class space    used 516K, committed 640K, reserved 327680K
}
Event: 1.050 GC heap after
{Heap after GC invocations=2 (full 0):
 garbage-first heap   total 262144K, used 11965K [0x00000000e0000000, 0x0000000100000000)
  region size 1024K, 2 young (2048K), 2 survivors (2048K)
 Metaspace       used 4168K, committed 4416K, reserved 393216K
  class space    used 516K, committed 640K, reserved 327680K
}
Event: 3.480 GC heap before
{Heap before GC invocations=2 (full 0):
 garbage-first heap   total 262144K, used 116413K [0x00000000e0000000, 0x0000000100000000)
  region size 1024K, 102 young (104448K), 2 survivors (2048K)
 Metaspace       used 19142K, committed 19712K, reserved 393216K
  class space    used 2739K, committed 3008K, reserved 327680K
}
Event: 3.491 GC heap after
{Heap after GC invocations=3 (full 0):
 garbage-first heap   total 262144K, used 23082K [0x00000000e0000000, 0x0000000100000000)
  region size 1024K, 11 young (11264K), 11 survivors (11264K)
 Metaspace       used 19142K, committed 19712K, reserved 393216K
  class space    used 2739K, committed 3008K, reserved 327680K
}
Event: 3.756 GC heap before
{Heap before GC invocations=3 (full 0):
 garbage-first heap   total 262144K, used 37418K [0x00000000e0000000, 0x0000000100000000)
  region size 1024K, 26 young (26624K), 11 survivors (11264K)
 Metaspace       used 20881K, committed 21504K, reserved 393216K
  class space    used 3032K, committed 3328K, reserved 327680K
}
Event: 3.762 GC heap after
{Heap after GC invocations=4 (full 0):
 garbage-first heap   total 262144K, used 24651K [0x00000000e0000000, 0x0000000100000000)
  region size 1024K, 12 young (12288K), 12 survivors (12288K)
 Metaspace       used 20881K, committed 21504K, reserved 393216K
  class space    used 3032K, committed 3328K, reserved 327680K
}
Event: 6.150 GC heap before
{Heap before GC invocations=5 (full 0):
 garbage-first heap   total 262144K, used 111691K [0x00000000e0000000, 0x0000000100000000)
  region size 1024K, 99 young (101376K), 12 survivors (12288K)
 Metaspace       used 34909K, committed 36096K, reserved 393216K
  class space    used 5063K, committed 5696K, reserved 327680K
}
Event: 6.161 GC heap after
{Heap after GC invocations=6 (full 0):
 garbage-first heap   total 262144K, used 30592K [0x00000000e0000000, 0x0000000100000000)
  region size 1024K, 8 young (8192K), 8 survivors (8192K)
 Metaspace       used 34909K, committed 36096K, reserved 393216K
  class space    used 5063K, committed 5696K, reserved 327680K
}
Event: 6.283 GC heap before
{Heap before GC invocations=6 (full 0):
 garbage-first heap   total 262144K, used 33664K [0x00000000e0000000, 0x0000000100000000)
  region size 1024K, 12 young (12288K), 8 survivors (8192K)
 Metaspace       used 35238K, committed 36416K, reserved 393216K
  class space    used 5086K, committed 5696K, reserved 327680K
}
Event: 6.290 GC heap after
{Heap after GC invocations=7 (full 0):
 garbage-first heap   total 262144K, used 31572K [0x00000000e0000000, 0x0000000100000000)
  region size 1024K, 8 young (8192K), 8 survivors (8192K)
 Metaspace       used 35238K, committed 36416K, reserved 393216K
  class space    used 5086K, committed 5696K, reserved 327680K
}
Event: 6.632 GC heap before
{Heap before GC invocations=7 (full 0):
 garbage-first heap   total 262144K, used 54100K [0x00000000e0000000, 0x0000000100000000)
  region size 1024K, 31 young (31744K), 8 survivors (8192K)
 Metaspace       used 35568K, committed 36736K, reserved 393216K
  class space    used 5121K, committed 5696K, reserved 327680K
}
Event: 6.640 GC heap after
{Heap after GC invocations=8 (full 0):
 garbage-first heap   total 262144K, used 32775K [0x00000000e0000000, 0x0000000100000000)
  region size 1024K, 10 young (10240K), 10 survivors (10240K)
 Metaspace       used 35568K, committed 36736K, reserved 393216K
  class space    used 5121K, committed 5696K, reserved 327680K
}
Event: 9.930 GC heap before
{Heap before GC invocations=9 (full 0):
 garbage-first heap   total 262144K, used 185351K [0x00000000e0000000, 0x0000000100000000)
  region size 1024K, 153 young (156672K), 10 survivors (10240K)
 Metaspace       used 51179K, committed 52992K, reserved 393216K
  class space    used 7437K, committed 8320K, reserved 327680K
}
Event: 9.946 GC heap after
{Heap after GC invocations=10 (full 0):
 garbage-first heap   total 262144K, used 41198K [0x00000000e0000000, 0x0000000100000000)
  region size 1024K, 18 young (18432K), 18 survivors (18432K)
 Metaspace       used 51179K, committed 52992K, reserved 393216K
  class space    used 7437K, committed 8320K, reserved 327680K
}
Event: 13.373 GC heap before
{Heap before GC invocations=10 (full 0):
 garbage-first heap   total 262144K, used 178414K [0x00000000e0000000, 0x0000000100000000)
  region size 1024K, 153 young (156672K), 18 survivors (18432K)
 Metaspace       used 58624K, committed 60544K, reserved 393216K
  class space    used 8448K, committed 9408K, reserved 327680K
}
Event: 13.396 GC heap after
{Heap after GC invocations=11 (full 0):
 garbage-first heap   total 262144K, used 50905K [0x00000000e0000000, 0x0000000100000000)
  region size 1024K, 20 young (20480K), 20 survivors (20480K)
 Metaspace       used 58624K, committed 60544K, reserved 393216K
  class space    used 8448K, committed 9408K, reserved 327680K
}
Event: 14.057 GC heap before
{Heap before GC invocations=11 (full 0):
 garbage-first heap   total 262144K, used 92889K [0x00000000e0000000, 0x0000000100000000)
  region size 1024K, 62 young (63488K), 20 survivors (20480K)
 Metaspace       used 59627K, committed 61568K, reserved 393216K
  class space    used 8594K, committed 9536K, reserved 327680K
}
Event: 14.077 GC heap after
{Heap after GC invocations=12 (full 0):
 garbage-first heap   total 262144K, used 53539K [0x00000000e0000000, 0x0000000100000000)
  region size 1024K, 3 young (3072K), 3 survivors (3072K)
 Metaspace       used 59627K, committed 61568K, reserved 393216K
  class space    used 8594K, committed 9536K, reserved 327680K
}

